<?xml version="1.0" encoding="utf-8"?><testsuites name="pytest tests"><testsuite name="pytest" errors="0" failures="0" skipped="0" tests="25" time="18.283" timestamp="2026-09-07T18:04:14.384986+08:00" hostname="LAPTOP-M3GASC4G"><testcase classname="tests.test_feng_dh_parser_v2" name="test_missing_clocks[None]" time="0.001" /><testcase classname="tests.test_feng_dh_parser_v2" name="test_missing_clocks[]" time="0.001" /><testcase classname="tests.test_feng_dh_parser_v2" name="test_missing_clocks[N/A]" time="0.001" /><testcase classname="tests.test_feng_dh_parser_v2" name="test_missing_clocks[ NaN ]" time="0.001" /><testcase classname="tests.test_feng_dh_parser_v2" name="test_missing_clocks[nan]" time="0.001" /><testcase classname="tests.test_feng_dh_parser_v2" name="test_invalid_clocks_rejected[inf0]" time="0.001" /><testcase classname="tests.test_feng_dh_parser_v2" name="test_invalid_clocks_rejected[-inf]" time="0.001" /><testcase classname="tests.test_feng_dh_parser_v2" name="test_invalid_clocks_rejected[garbage]" time="0.001" /><testcase classname="tests.test_feng_dh_parser_v2" name="test_invalid_clocks_rejected[nan]" time="0.001" /><testcase classname="tests.test_feng_dh_parser_v2" name="test_invalid_clocks_rejected[inf1]" time="0.001" /><testcase classname="tests.test_feng_dh_parser_v2" name="test_completed_metrics_exactly_unchanged" time="0.023" /><testcase classname="tests.test_feng_dh_parser_v2" name="test_unfinished_is_full_denominator_with_no_survivor_mean[False]" time="0.009" /><testcase classname="tests.test_feng_dh_parser_v2" name="test_unfinished_is_full_denominator_with_no_survivor_mean[True]" time="0.009" /><testcase classname="tests.test_feng_dh_parser_v2" name="test_invalid_completed_identity_or_time_rejected[patch0]" time="0.009" /><testcase classname="tests.test_feng_dh_parser_v2" name="test_invalid_completed_identity_or_time_rejected[patch1]" time="0.008" /><testcase classname="tests.test_feng_dh_parser_v2" name="test_invalid_completed_identity_or_time_rejected[patch2]" time="0.010" /><testcase classname="tests.test_feng_dh_parser_v2" name="test_invalid_completed_identity_or_time_rejected[patch3]" time="0.007" /><testcase classname="tests.test_feng_dh_parser_v2" name="test_invalid_completed_identity_or_time_rejected[patch4]" time="0.007" /><testcase classname="tests.test_feng_dh_parser_v2" name="test_invalid_completed_identity_or_time_rejected[patch5]" time="0.006" /><testcase classname="tests.test_feng_dh_parser_v2" name="test_invalid_completed_identity_or_time_rejected[patch6]" time="0.007" /><testcase classname="tests.test_feng_dh_parser_v2" name="test_invalid_completed_identity_or_time_rejected[patch7]" time="0.006" /><testcase classname="tests.test_feng_dh_parser_v2" name="test_invalid_completed_identity_or_time_rejected[patch8]" time="0.007" /><testcase classname="tests.test_feng_dh_parser_v2" name="test_duplicate_population_rejected" time="0.006" /><testcase classname="tests.test_feng_dh_parser_v2" name="test_recovery_spec_cannot_dispatch_java" time="0.006" /><testcase classname="tests.test_feng_dh_parser_v2" name="test_three_accepted_native_cells_match_exactly" time="17.455" /></testsuite></testsuites>